<?xml version="1.0" encoding="UTF-8"?>
<robot generator="Robot 4.1.3 (Python 3.10.2 on win32)" generated="20220131 20:59:35.266" rpa="false" schemaversion="2">
<suite id="s1" name="Webautomation" source="C:\Users\angel\Desktop\Curso Robot Basico\tests\features\webautomation.robot">
<kw name="Abrir navegador" type="SETUP">
<kw name="Open Browser" library="SeleniumLibrary">
<arg>about:blank</arg>
<arg>chrome</arg>
<doc>Opens a new browser instance to the optional ``url``.</doc>
<msg timestamp="20220131 20:59:35.457" level="INFO">Opening browser 'chrome' to base url 'about:blank'.</msg>
<status status="PASS" starttime="20220131 20:59:35.456" endtime="20220131 20:59:36.552"/>
</kw>
<kw name="Go To" library="SeleniumLibrary">
<arg>https://automacaocombatista.herokuapp.com/users/new</arg>
<doc>Navigates the current browser window to the provided ``url``.</doc>
<msg timestamp="20220131 20:59:36.553" level="INFO">Opening url 'https://automacaocombatista.herokuapp.com/users/new'</msg>
<status status="PASS" starttime="20220131 20:59:36.552" endtime="20220131 20:59:38.151"/>
</kw>
<kw name="Maximize Browser Window" library="SeleniumLibrary">
<doc>Maximizes current browser window.</doc>
<status status="PASS" starttime="20220131 20:59:38.151" endtime="20220131 20:59:38.269"/>
</kw>
<kw name="Set Selenium Timeout" library="SeleniumLibrary">
<arg>20</arg>
<doc>Sets the timeout that is used by various keywords.</doc>
<status status="PASS" starttime="20220131 20:59:38.269" endtime="20220131 20:59:38.270"/>
</kw>
<status status="PASS" starttime="20220131 20:59:35.456" endtime="20220131 20:59:38.270"/>
</kw>
<test id="s1-t1" name="Cenario: Criar usuário através da sessão de lista de usuários">
<kw name="Dado que eu esteja na tela de lista de usuários">
<kw name="Open Browser" library="SeleniumLibrary">
<doc>Opens a new browser instance to the optional ``url``.</doc>
<msg timestamp="20220131 20:59:38.271" level="INFO">Opening browser 'firefox' to base url 'None'.</msg>
<msg timestamp="20220131 20:59:38.273" level="INFO">Firefox driver log is always forced to to: C:\Users\angel\Desktop\Curso Robot Basico\geckodriver-5.log</msg>
<msg timestamp="20220131 20:59:38.422" level="INFO" html="true">&lt;/td&gt;&lt;/tr&gt;&lt;tr&gt;&lt;td colspan="3"&gt;&lt;a href="selenium-screenshot-1.png"&gt;&lt;img src="selenium-screenshot-1.png" width="800px"&gt;&lt;/a&gt;</msg>
<msg timestamp="20220131 20:59:38.424" level="FAIL">WebDriverException: Message: 'geckodriver' executable needs to be in PATH. 
</msg>
<status status="FAIL" starttime="20220131 20:59:38.271" endtime="20220131 20:59:38.424"/>
</kw>
<kw name="Wait Until Element Is Visible" library="SeleniumLibrary">
<arg>href=/users</arg>
<doc>Waits until the element ``locator`` is visible.</doc>
<status status="NOT RUN" starttime="20220131 20:59:38.424" endtime="20220131 20:59:38.424"/>
</kw>
<kw name="Capture Page Screenshot" library="SeleniumLibrary">
<doc>Takes a screenshot of the current page and embeds it into a log file.</doc>
<status status="NOT RUN" starttime="20220131 20:59:38.424" endtime="20220131 20:59:38.424"/>
</kw>
<status status="FAIL" starttime="20220131 20:59:38.271" endtime="20220131 20:59:38.425"/>
</kw>
<kw name="E clique na opção NOVO USUÁRIO">
<status status="NOT RUN" starttime="20220131 20:59:38.425" endtime="20220131 20:59:38.426"/>
</kw>
<kw name="Quando finalizar o cadastro preenchendo todos os campos">
<status status="NOT RUN" starttime="20220131 20:59:38.426" endtime="20220131 20:59:38.426"/>
</kw>
<kw name="Então deve ser apresentada a mensagem &quot;Usuário Criado com sucesso&quot;" sourcename="Então deve ser apresentada a mensagem &quot;${MENSAGEM}&quot;">
<status status="NOT RUN" starttime="20220131 20:59:38.426" endtime="20220131 20:59:38.426"/>
</kw>
<tag>LISTA</tag>
<status status="FAIL" starttime="20220131 20:59:38.270" endtime="20220131 20:59:38.426">WebDriverException: Message: 'geckodriver' executable needs to be in PATH. 
</status>
</test>
<kw name="Fechar navegador" type="TEARDOWN">
<kw name="Capture Page Screenshot" library="SeleniumLibrary">
<doc>Takes a screenshot of the current page and embeds it into a log file.</doc>
<msg timestamp="20220131 20:59:38.582" level="INFO" html="true">&lt;/td&gt;&lt;/tr&gt;&lt;tr&gt;&lt;td colspan="3"&gt;&lt;a href="selenium-screenshot-2.png"&gt;&lt;img src="selenium-screenshot-2.png" width="800px"&gt;&lt;/a&gt;</msg>
<status status="PASS" starttime="20220131 20:59:38.428" endtime="20220131 20:59:38.582"/>
</kw>
<kw name="Close Browser" library="SeleniumLibrary">
<doc>Closes the current browser.</doc>
<status status="PASS" starttime="20220131 20:59:38.582" endtime="20220131 20:59:40.752"/>
</kw>
<status status="PASS" starttime="20220131 20:59:38.427" endtime="20220131 20:59:40.752"/>
</kw>
<doc>Aqui estarão presentes todos os testes automatizados do módulo de automação WEB.</doc>
<status status="FAIL" starttime="20220131 20:59:35.268" endtime="20220131 20:59:40.752"/>
</suite>
<statistics>
<total>
<stat pass="0" fail="1" skip="0">All Tests</stat>
</total>
<tag>
<stat pass="0" fail="1" skip="0">LISTA</stat>
</tag>
<suite>
<stat pass="0" fail="1" skip="0" id="s1" name="Webautomation">Webautomation</stat>
</suite>
</statistics>
<errors>
</errors>
</robot>
